2024-05-09 06:50:17 INFO  TC001_AccountRegistrationTest:15 - ***** Starting TC001_AccountRegistrationTest  ****
2024-05-09 06:50:17 INFO  TC001_AccountRegistrationTest:21 - Clicked on MyAccount Link.. 
2024-05-09 06:50:18 INFO  TC001_AccountRegistrationTest:24 - Clicked on Register Link.. 
2024-05-09 06:50:18 INFO  TC001_AccountRegistrationTest:28 - Providing customer details...
2024-05-09 06:50:19 INFO  TC001_AccountRegistrationTest:42 - Validating expected message..
2024-05-09 06:50:19 INFO  TC001_AccountRegistrationTest:47 - Test passed
2024-05-09 06:50:19 INFO  TC001_AccountRegistrationTest:56 - ***** Finished TC001_AccountRegistrationTest *****
2024-05-09 06:50:23 INFO  TC002_LoginTest:16 - ****** Startign TC_002_LoginTest *****
2024-05-09 06:50:25 INFO  TC002_LoginTest:41 - ****** Finished TC_002_LoginTest *****
2024-05-09 07:07:24 INFO  TC001_AccountRegistrationTest:15 - ***** Starting TC001_AccountRegistrationTest  ****
2024-05-09 07:07:24 INFO  TC001_AccountRegistrationTest:21 - Clicked on MyAccount Link.. 
2024-05-09 07:07:24 INFO  TC001_AccountRegistrationTest:24 - Clicked on Register Link.. 
2024-05-09 07:07:24 INFO  TC001_AccountRegistrationTest:28 - Providing customer details...
2024-05-09 07:07:26 INFO  TC001_AccountRegistrationTest:42 - Validating expected message..
2024-05-09 07:07:26 INFO  TC001_AccountRegistrationTest:47 - Test passed
2024-05-09 07:07:26 INFO  TC001_AccountRegistrationTest:56 - ***** Finished TC001_AccountRegistrationTest *****
2024-05-09 07:07:30 INFO  TC002_LoginTest:16 - ****** Startign TC_002_LoginTest *****
2024-05-09 07:07:32 INFO  TC002_LoginTest:41 - ****** Finished TC_002_LoginTest *****
2024-05-09 07:10:46 INFO  TC001_AccountRegistrationTest:15 - ***** Starting TC001_AccountRegistrationTest  ****
2024-05-09 07:10:46 INFO  TC001_AccountRegistrationTest:21 - Clicked on MyAccount Link.. 
2024-05-09 07:10:47 INFO  TC001_AccountRegistrationTest:24 - Clicked on Register Link.. 
2024-05-09 07:10:47 INFO  TC001_AccountRegistrationTest:28 - Providing customer details...
2024-05-09 07:10:48 INFO  TC001_AccountRegistrationTest:42 - Validating expected message..
2024-05-09 07:10:48 INFO  TC001_AccountRegistrationTest:47 - Test passed
2024-05-09 07:10:48 INFO  TC001_AccountRegistrationTest:56 - ***** Finished TC001_AccountRegistrationTest *****
2024-05-09 07:10:53 INFO  TC002_LoginTest:16 - ****** Startign TC_002_LoginTest *****
2024-05-09 07:10:55 INFO  TC002_LoginTest:41 - ****** Finished TC_002_LoginTest *****
2025-04-08 15:03:16 INFO  TC001_AccountRegistrationTest:15 - ***** Starting TC001_AccountRegistrationTest  ****
2025-04-08 15:03:16 INFO  TC001_AccountRegistrationTest:21 - Clicked on MyAccount Link.. 
2025-04-08 15:03:17 INFO  TC001_AccountRegistrationTest:24 - Clicked on Register Link.. 
2025-04-08 15:03:17 INFO  TC001_AccountRegistrationTest:28 - Providing customer details...
2025-04-08 15:03:18 INFO  TC001_AccountRegistrationTest:42 - Validating expected message..
2025-04-08 15:03:18 INFO  TC001_AccountRegistrationTest:47 - Test passed
2025-04-08 15:03:18 INFO  TC001_AccountRegistrationTest:56 - ***** Finished TC001_AccountRegistrationTest *****
2025-04-08 15:03:22 INFO  TC002_LoginTest:16 - ****** Startign TC_002_LoginTest *****
2025-04-08 15:06:24 INFO  TC001_AccountRegistrationTest:15 - ***** Starting TC001_AccountRegistrationTest  ****
2025-04-08 15:06:24 INFO  TC001_AccountRegistrationTest:21 - Clicked on MyAccount Link.. 
2025-04-08 15:06:25 INFO  TC001_AccountRegistrationTest:24 - Clicked on Register Link.. 
2025-04-08 15:06:25 INFO  TC001_AccountRegistrationTest:28 - Providing customer details...
2025-04-08 15:06:26 INFO  TC001_AccountRegistrationTest:42 - Validating expected message..
2025-04-08 15:06:26 INFO  TC001_AccountRegistrationTest:47 - Test passed
2025-04-08 15:06:26 INFO  TC001_AccountRegistrationTest:56 - ***** Finished TC001_AccountRegistrationTest *****
2025-04-08 15:06:30 INFO  TC002_LoginTest:16 - ****** Startign TC_002_LoginTest *****
2025-04-08 15:07:47 INFO  TC001_AccountRegistrationTest:15 - ***** Starting TC001_AccountRegistrationTest  ****
2025-04-08 15:07:47 INFO  TC001_AccountRegistrationTest:21 - Clicked on MyAccount Link.. 
2025-04-08 15:07:47 INFO  TC001_AccountRegistrationTest:24 - Clicked on Register Link.. 
2025-04-08 15:07:47 INFO  TC001_AccountRegistrationTest:28 - Providing customer details...
2025-04-08 15:07:48 INFO  TC001_AccountRegistrationTest:42 - Validating expected message..
2025-04-08 15:07:49 INFO  TC001_AccountRegistrationTest:47 - Test passed
2025-04-08 15:07:49 INFO  TC001_AccountRegistrationTest:56 - ***** Finished TC001_AccountRegistrationTest *****
2025-04-08 15:07:52 INFO  TC002_LoginTest:16 - ****** Startign TC_002_LoginTest *****
2025-04-08 15:09:50 INFO  Utils:112 - [TestNG] Running:
  /Users/vasu.devrani/Desktop/OpencartV121/master.xml

2025-04-08 15:09:55 INFO  TC001_AccountRegistrationTest:15 - ***** Starting TC001_AccountRegistrationTest  ****
2025-04-08 15:09:55 INFO  TC001_AccountRegistrationTest:21 - Clicked on MyAccount Link.. 
2025-04-08 15:09:55 INFO  TC001_AccountRegistrationTest:24 - Clicked on Register Link.. 
2025-04-08 15:09:55 INFO  TC001_AccountRegistrationTest:28 - Providing customer details...
2025-04-08 15:09:57 INFO  TC001_AccountRegistrationTest:42 - Validating expected message..
2025-04-08 15:09:57 INFO  TC001_AccountRegistrationTest:47 - Test passed
2025-04-08 15:09:57 INFO  TC001_AccountRegistrationTest:56 - ***** Finished TC001_AccountRegistrationTest *****
2025-04-08 15:10:00 INFO  TC002_LoginTest:16 - ****** Startign TC_002_LoginTest *****
2025-04-08 15:15:45 INFO  TC001_AccountRegistrationTest:15 - ***** Starting TC001_AccountRegistrationTest  ****
2025-04-08 15:15:45 INFO  TC001_AccountRegistrationTest:21 - Clicked on MyAccount Link.. 
2025-04-08 15:15:46 INFO  TC001_AccountRegistrationTest:24 - Clicked on Register Link.. 
2025-04-08 15:15:46 INFO  TC001_AccountRegistrationTest:28 - Providing customer details...
2025-04-08 15:15:47 INFO  TC001_AccountRegistrationTest:42 - Validating expected message..
2025-04-08 15:15:47 INFO  TC001_AccountRegistrationTest:47 - Test passed
2025-04-08 15:15:47 INFO  TC001_AccountRegistrationTest:56 - ***** Finished TC001_AccountRegistrationTest *****
2025-04-08 15:15:50 INFO  TC002_LoginTest:16 - ****** Starting TC_002_LoginTest *****
2025-04-08 15:15:52 INFO  TC002_LoginTest:40 - ****** Finished TC_002_LoginTest *****
2025-04-08 15:16:33 INFO  Utils:112 - [TestNG] Running:
  /Users/vasu.devrani/Desktop/OpencartV121/master.xml

2025-04-08 15:16:38 INFO  TC001_AccountRegistrationTest:15 - ***** Starting TC001_AccountRegistrationTest  ****
2025-04-08 15:16:38 INFO  TC001_AccountRegistrationTest:21 - Clicked on MyAccount Link.. 
2025-04-08 15:16:38 INFO  TC001_AccountRegistrationTest:24 - Clicked on Register Link.. 
2025-04-08 15:16:38 INFO  TC001_AccountRegistrationTest:28 - Providing customer details...
2025-04-08 15:16:40 INFO  TC001_AccountRegistrationTest:42 - Validating expected message..
2025-04-08 15:16:40 INFO  TC001_AccountRegistrationTest:47 - Test passed
2025-04-08 15:16:40 INFO  TC001_AccountRegistrationTest:56 - ***** Finished TC001_AccountRegistrationTest *****
2025-04-08 15:16:43 INFO  TC002_LoginTest:16 - ****** Starting TC_002_LoginTest *****
2025-04-08 15:16:45 INFO  TC002_LoginTest:40 - ****** Finished TC_002_LoginTest *****
2025-04-08 15:28:37 INFO  TC001_AccountRegistrationTest:15 - ***** Starting TC001_AccountRegistrationTest  ****
2025-04-08 15:28:37 INFO  TC001_AccountRegistrationTest:21 - Clicked on MyAccount Link.. 
2025-04-08 15:28:38 INFO  TC001_AccountRegistrationTest:24 - Clicked on Register Link.. 
2025-04-08 15:28:38 INFO  TC001_AccountRegistrationTest:28 - Providing customer details...
2025-04-08 15:28:39 INFO  TC001_AccountRegistrationTest:42 - Validating expected message..
2025-04-08 15:28:39 INFO  TC001_AccountRegistrationTest:47 - Test passed
2025-04-08 15:28:39 INFO  TC001_AccountRegistrationTest:56 - ***** Finished TC001_AccountRegistrationTest *****
2025-04-08 15:28:43 INFO  TC002_LoginTest:16 - ****** Starting TC_002_LoginTest *****
2025-04-08 15:28:44 INFO  TC002_LoginTest:40 - ****** Finished TC_002_LoginTest *****
2025-04-08 15:35:54 INFO  TC001_AccountRegistrationTest:15 - ***** Starting TC001_AccountRegistrationTest  ****
2025-04-08 15:35:54 INFO  TC001_AccountRegistrationTest:21 - Clicked on MyAccount Link.. 
2025-04-08 15:35:55 INFO  TC001_AccountRegistrationTest:24 - Clicked on Register Link.. 
2025-04-08 15:35:55 INFO  TC001_AccountRegistrationTest:28 - Providing customer details...
2025-04-08 15:35:56 INFO  TC001_AccountRegistrationTest:42 - Validating expected message..
2025-04-08 15:35:56 INFO  TC001_AccountRegistrationTest:47 - Test passed
2025-04-08 15:35:56 INFO  TC001_AccountRegistrationTest:56 - ***** Finished TC001_AccountRegistrationTest *****
2025-04-08 15:36:00 INFO  TC002_LoginTest:16 - ****** Starting TC_002_LoginTest *****
2025-04-08 15:36:02 INFO  TC002_LoginTest:40 - ****** Finished TC_002_LoginTest *****
2025-04-08 15:37:06 INFO  TC001_AccountRegistrationTest:15 - ***** Starting TC001_AccountRegistrationTest  ****
2025-04-08 15:37:06 INFO  TC001_AccountRegistrationTest:21 - Clicked on MyAccount Link.. 
2025-04-08 15:37:07 INFO  TC001_AccountRegistrationTest:24 - Clicked on Register Link.. 
2025-04-08 15:37:07 INFO  TC001_AccountRegistrationTest:28 - Providing customer details...
2025-04-08 15:37:08 INFO  TC001_AccountRegistrationTest:42 - Validating expected message..
2025-04-08 15:37:08 INFO  TC001_AccountRegistrationTest:47 - Test passed
2025-04-08 15:37:08 INFO  TC001_AccountRegistrationTest:56 - ***** Finished TC001_AccountRegistrationTest *****
2025-04-08 15:37:11 INFO  TC002_LoginTest:16 - ****** Starting TC_002_LoginTest *****
2025-04-08 15:37:13 INFO  TC002_LoginTest:40 - ****** Finished TC_002_LoginTest *****
2025-04-08 15:42:02 INFO  TC001_AccountRegistrationTest:15 - ***** Starting TC001_AccountRegistrationTest  ****
2025-04-08 15:42:03 INFO  TC001_AccountRegistrationTest:21 - Clicked on MyAccount Link.. 
2025-04-08 15:42:03 INFO  TC001_AccountRegistrationTest:24 - Clicked on Register Link.. 
2025-04-08 15:42:03 INFO  TC001_AccountRegistrationTest:28 - Providing customer details...
2025-04-08 15:42:04 INFO  TC001_AccountRegistrationTest:42 - Validating expected message..
2025-04-08 15:42:04 INFO  TC001_AccountRegistrationTest:47 - Test passed
2025-04-08 15:42:04 INFO  TC001_AccountRegistrationTest:56 - ***** Finished TC001_AccountRegistrationTest *****
2025-04-08 15:42:08 INFO  TC002_LoginTest:16 - ****** Starting TC_002_LoginTest *****
2025-04-08 15:42:09 INFO  TC002_LoginTest:40 - ****** Finished TC_002_LoginTest *****
2025-04-08 15:59:07 INFO  TC001AccountRegistrationTest:15 - Starting TC001_AccountRegistrationTest
2025-04-08 15:59:07 INFO  TC001AccountRegistrationTest:19 - Clicked on MyAccount Link
2025-04-08 15:59:07 INFO  TC001AccountRegistrationTest:22 - Clicked on Register Link
2025-04-08 15:59:08 INFO  TC001AccountRegistrationTest:26 - Providing customer details
2025-04-08 15:59:10 INFO  TC001AccountRegistrationTest:40 - Validating expected message
2025-04-08 15:59:10 INFO  TC001AccountRegistrationTest:45 - Test passed
2025-04-08 15:59:10 INFO  TC001AccountRegistrationTest:52 - Finished TC001_AccountRegistrationTest
2025-04-08 15:59:13 INFO  TC002LoginTest:16 - Starting TC_002_LoginTest
2025-04-08 15:59:15 INFO  TC002LoginTest:40 - Finished TC_002_LoginTest
2025-04-08 16:12:48 INFO  Utils:112 - [TestNG] Running:
  Command line suite

2025-04-08 16:21:57 INFO  TC001AccountRegistrationTest:15 - Starting TC001_AccountRegistrationTest
2025-04-08 16:21:58 INFO  TC001AccountRegistrationTest:19 - Clicked on MyAccount Link
2025-04-08 16:21:58 INFO  TC001AccountRegistrationTest:22 - Clicked on Register Link
2025-04-08 16:21:58 INFO  TC001AccountRegistrationTest:26 - Providing customer details
2025-04-08 16:21:59 INFO  TC001AccountRegistrationTest:40 - Validating expected message
2025-04-08 16:21:59 INFO  TC001AccountRegistrationTest:45 - Test passed
2025-04-08 16:21:59 INFO  TC001AccountRegistrationTest:52 - Finished TC001_AccountRegistrationTest
2025-04-08 16:22:03 INFO  TC002LoginTest:16 - Starting TC_002_LoginTest
2025-04-08 16:22:05 INFO  TC002LoginTest:40 - Finished TC_002_LoginTest
2025-04-08 16:22:39 INFO  TC003LoginDDT:24 - Starting TC_003_LoginDDT
2025-04-08 16:22:39 INFO  TC003LoginDDT:32 - Clicked on MyAccount Link
2025-04-08 16:22:39 INFO  TC003LoginDDT:39 - Clicked on Login Link
